2020-09-28 00:43:01 |INFO  |main |SpringApplication.java:655 |com.bai.guli.service.sms.SmsServiceApplication |The following profiles are active: dev
2020-09-28 00:43:02 |INFO  |main |RepositoryConfigurationDelegate.java:249 |org.springframework.data.repository.config.RepositoryConfigurationDelegate |Multiple Spring Data modules found, entering strict repository configuration mode!
2020-09-28 00:43:02 |INFO  |main |RepositoryConfigurationDelegate.java:127 |org.springframework.data.repository.config.RepositoryConfigurationDelegate |Bootstrapping Spring Data Redis repositories in DEFAULT mode.
2020-09-28 00:43:02 |INFO  |main |RepositoryConfigurationDelegate.java:187 |org.springframework.data.repository.config.RepositoryConfigurationDelegate |Finished Spring Data repository scanning in 7ms. Found 0 Redis repository interfaces.
2020-09-28 00:43:02 |INFO  |main |GenericScope.java:295 |org.springframework.cloud.context.scope.GenericScope |BeanFactory id=d0d2a296-4d48-358a-bded-9ac4b59b39b1
2020-09-28 00:43:02 |INFO  |main |PostProcessorRegistrationDelegate.java:330 |org.springframework.context.support.PostProcessorRegistrationDelegate$BeanPostProcessorChecker |Bean 'org.springframework.transaction.annotation.ProxyTransactionManagementConfiguration' of type [org.springframework.transaction.annotation.ProxyTransactionManagementConfiguration] is not eligible for getting processed by all BeanPostProcessors (for example: not eligible for auto-proxying)
2020-09-28 00:43:03 |INFO  |main |PostProcessorRegistrationDelegate.java:330 |org.springframework.context.support.PostProcessorRegistrationDelegate$BeanPostProcessorChecker |Bean 'spring.cloud.sentinel-com.alibaba.cloud.sentinel.SentinelProperties' of type [com.alibaba.cloud.sentinel.SentinelProperties] is not eligible for getting processed by all BeanPostProcessors (for example: not eligible for auto-proxying)
2020-09-28 00:43:03 |INFO  |main |PostProcessorRegistrationDelegate.java:330 |org.springframework.context.support.PostProcessorRegistrationDelegate$BeanPostProcessorChecker |Bean 'com.alibaba.cloud.sentinel.custom.SentinelAutoConfiguration' of type [com.alibaba.cloud.sentinel.custom.SentinelAutoConfiguration$$EnhancerBySpringCGLIB$$a3fe5cdc] is not eligible for getting processed by all BeanPostProcessors (for example: not eligible for auto-proxying)
2020-09-28 00:43:03 |INFO  |main |TomcatWebServer.java:92 |org.springframework.boot.web.embedded.tomcat.TomcatWebServer |Tomcat initialized with port(s): 8150 (http)
2020-09-28 00:43:03 |INFO  |main |DirectJDKLog.java:173 |org.apache.coyote.http11.Http11NioProtocol |Initializing ProtocolHandler ["http-nio-8150"]
2020-09-28 00:43:03 |INFO  |main |DirectJDKLog.java:173 |org.apache.catalina.core.StandardService |Starting service [Tomcat]
2020-09-28 00:43:03 |INFO  |main |DirectJDKLog.java:173 |org.apache.catalina.core.StandardEngine |Starting Servlet engine: [Apache Tomcat/9.0.29]
2020-09-28 00:43:03 |INFO  |main |DirectJDKLog.java:173 |org.apache.catalina.core.AprLifecycleListener |An older version [1.2.21] of the APR based Apache Tomcat Native library is installed, while Tomcat recommends a minimum version of [1.2.23]
2020-09-28 00:43:03 |INFO  |main |DirectJDKLog.java:173 |org.apache.catalina.core.AprLifecycleListener |Loaded APR based Apache Tomcat Native library [1.2.21] using APR version [1.6.5].
2020-09-28 00:43:03 |INFO  |main |DirectJDKLog.java:173 |org.apache.catalina.core.AprLifecycleListener |APR capabilities: IPv6 [true], sendfile [true], accept filters [false], random [true].
2020-09-28 00:43:03 |INFO  |main |DirectJDKLog.java:173 |org.apache.catalina.core.AprLifecycleListener |APR/OpenSSL configuration: useAprConnector [false], useOpenSSL [true]
2020-09-28 00:43:03 |INFO  |main |DirectJDKLog.java:173 |org.apache.catalina.core.AprLifecycleListener |OpenSSL successfully initialized [OpenSSL 1.1.1a  20 Nov 2018]
2020-09-28 00:43:03 |INFO  |main |DirectJDKLog.java:173 |org.apache.catalina.core.ContainerBase.[Tomcat].[localhost].[/] |Initializing Spring embedded WebApplicationContext
2020-09-28 00:43:03 |INFO  |main |ServletWebServerApplicationContext.java:284 |org.springframework.web.context.ContextLoader |Root WebApplicationContext: initialization completed in 2131 ms
2020-09-28 00:43:03 |INFO  |main |SentinelWebAutoConfiguration.java:96 |com.alibaba.cloud.sentinel.SentinelWebAutoConfiguration |[Sentinel Starter] register Sentinel CommonFilter with urlPatterns: [/*].
2020-09-28 00:43:04 |INFO  |main |PropertySourcedRequestMappingHandlerMapping.java:69 |springfox.documentation.spring.web.PropertySourcedRequestMappingHandlerMapping |Mapped URL path [/v2/api-docs] onto method [springfox.documentation.swagger2.web.Swagger2Controller#getDocumentation(String, HttpServletRequest)]
2020-09-28 00:43:04 |INFO  |main |URLConfigurationSource.java:122 |com.netflix.config.sources.URLConfigurationSource |To enable URLs as dynamic configuration sources, define System property archaius.configurationSource.additionalUrls or make config.properties available on classpath.
2020-09-28 00:43:04 |INFO  |main |URLConfigurationSource.java:122 |com.netflix.config.sources.URLConfigurationSource |To enable URLs as dynamic configuration sources, define System property archaius.configurationSource.additionalUrls or make config.properties available on classpath.
2020-09-28 00:43:04 |INFO  |main |ExecutorConfigurationSupport.java:171 |org.springframework.scheduling.concurrent.ThreadPoolTaskExecutor |Initializing ExecutorService 'applicationTaskExecutor'
2020-09-28 00:43:05 |INFO  |main |ExecutorConfigurationSupport.java:171 |org.springframework.scheduling.concurrent.ThreadPoolTaskScheduler |Initializing ExecutorService
2020-09-28 00:43:05 |INFO  |main |EpollProvider.java:68 |io.lettuce.core.EpollProvider |Starting without optional epoll library
2020-09-28 00:43:05 |INFO  |main |KqueueProvider.java:70 |io.lettuce.core.KqueueProvider |Starting without optional kqueue library
2020-09-28 00:43:07 |INFO  |main |DocumentationPluginsBootstrapper.java:147 |springfox.documentation.spring.web.plugins.DocumentationPluginsBootstrapper |Context refreshed
2020-09-28 00:43:07 |INFO  |main |DocumentationPluginsBootstrapper.java:150 |springfox.documentation.spring.web.plugins.DocumentationPluginsBootstrapper |Found 2 custom documentation plugin(s)
2020-09-28 00:43:07 |INFO  |main |ApiListingReferenceScanner.java:41 |springfox.documentation.spring.web.scanners.ApiListingReferenceScanner |Scanning for api listing references
2020-09-28 00:43:07 |INFO  |main |ApiListingReferenceScanner.java:41 |springfox.documentation.spring.web.scanners.ApiListingReferenceScanner |Scanning for api listing references
2020-09-28 00:43:08 |INFO  |main |ScheduledAnnotationBeanPostProcessor.java:297 |org.springframework.scheduling.annotation.ScheduledAnnotationBeanPostProcessor |No TaskScheduler/ScheduledExecutorService bean found for scheduled processing
2020-09-28 00:43:08 |INFO  |main |DirectJDKLog.java:173 |org.apache.coyote.http11.Http11NioProtocol |Starting ProtocolHandler ["http-nio-8150"]
2020-09-28 00:43:08 |INFO  |main |TomcatWebServer.java:204 |org.springframework.boot.web.embedded.tomcat.TomcatWebServer |Tomcat started on port(s): 8150 (http) with context path ''
2020-09-28 00:43:08 |INFO  |main |NacosServiceRegistry.java:62 |com.alibaba.cloud.nacos.registry.NacosServiceRegistry |nacos registry, service-sms 192.168.43.42:8150 register finished
2020-09-28 00:43:09 |INFO  |main |StartupInfoLogger.java:61 |com.bai.guli.service.sms.SmsServiceApplication |Started SmsServiceApplication in 10.504 seconds (JVM running for 12.327)
2020-09-28 00:44:30 |INFO  |http-nio-8150-exec-1 |DirectJDKLog.java:173 |org.apache.catalina.core.ContainerBase.[Tomcat].[localhost].[/] |Initializing Spring DispatcherServlet 'dispatcherServlet'
2020-09-28 00:44:30 |INFO  |http-nio-8150-exec-1 |FrameworkServlet.java:525 |org.springframework.web.servlet.DispatcherServlet |Initializing Servlet 'dispatcherServlet'
2020-09-28 00:44:30 |INFO  |http-nio-8150-exec-1 |FrameworkServlet.java:547 |org.springframework.web.servlet.DispatcherServlet |Completed initialization in 9 ms
2020-09-28 00:46:52 |INFO  |main |SpringApplication.java:655 |com.bai.guli.service.sms.SmsServiceApplication |The following profiles are active: dev
2020-09-28 00:46:53 |INFO  |main |RepositoryConfigurationDelegate.java:249 |org.springframework.data.repository.config.RepositoryConfigurationDelegate |Multiple Spring Data modules found, entering strict repository configuration mode!
2020-09-28 00:46:53 |INFO  |main |RepositoryConfigurationDelegate.java:127 |org.springframework.data.repository.config.RepositoryConfigurationDelegate |Bootstrapping Spring Data Redis repositories in DEFAULT mode.
2020-09-28 00:46:53 |INFO  |main |RepositoryConfigurationDelegate.java:187 |org.springframework.data.repository.config.RepositoryConfigurationDelegate |Finished Spring Data repository scanning in 5ms. Found 0 Redis repository interfaces.
2020-09-28 00:46:53 |INFO  |main |GenericScope.java:295 |org.springframework.cloud.context.scope.GenericScope |BeanFactory id=d0d2a296-4d48-358a-bded-9ac4b59b39b1
2020-09-28 00:46:53 |INFO  |main |PostProcessorRegistrationDelegate.java:330 |org.springframework.context.support.PostProcessorRegistrationDelegate$BeanPostProcessorChecker |Bean 'org.springframework.transaction.annotation.ProxyTransactionManagementConfiguration' of type [org.springframework.transaction.annotation.ProxyTransactionManagementConfiguration] is not eligible for getting processed by all BeanPostProcessors (for example: not eligible for auto-proxying)
2020-09-28 00:46:54 |INFO  |main |PostProcessorRegistrationDelegate.java:330 |org.springframework.context.support.PostProcessorRegistrationDelegate$BeanPostProcessorChecker |Bean 'spring.cloud.sentinel-com.alibaba.cloud.sentinel.SentinelProperties' of type [com.alibaba.cloud.sentinel.SentinelProperties] is not eligible for getting processed by all BeanPostProcessors (for example: not eligible for auto-proxying)
2020-09-28 00:46:54 |INFO  |main |PostProcessorRegistrationDelegate.java:330 |org.springframework.context.support.PostProcessorRegistrationDelegate$BeanPostProcessorChecker |Bean 'com.alibaba.cloud.sentinel.custom.SentinelAutoConfiguration' of type [com.alibaba.cloud.sentinel.custom.SentinelAutoConfiguration$$EnhancerBySpringCGLIB$$d45327b5] is not eligible for getting processed by all BeanPostProcessors (for example: not eligible for auto-proxying)
2020-09-28 00:46:54 |INFO  |main |TomcatWebServer.java:92 |org.springframework.boot.web.embedded.tomcat.TomcatWebServer |Tomcat initialized with port(s): 8150 (http)
2020-09-28 00:46:54 |INFO  |main |DirectJDKLog.java:173 |org.apache.coyote.http11.Http11NioProtocol |Initializing ProtocolHandler ["http-nio-8150"]
2020-09-28 00:46:54 |INFO  |main |DirectJDKLog.java:173 |org.apache.catalina.core.StandardService |Starting service [Tomcat]
2020-09-28 00:46:54 |INFO  |main |DirectJDKLog.java:173 |org.apache.catalina.core.StandardEngine |Starting Servlet engine: [Apache Tomcat/9.0.29]
2020-09-28 00:46:54 |INFO  |main |DirectJDKLog.java:173 |org.apache.catalina.core.AprLifecycleListener |An older version [1.2.21] of the APR based Apache Tomcat Native library is installed, while Tomcat recommends a minimum version of [1.2.23]
2020-09-28 00:46:54 |INFO  |main |DirectJDKLog.java:173 |org.apache.catalina.core.AprLifecycleListener |Loaded APR based Apache Tomcat Native library [1.2.21] using APR version [1.6.5].
2020-09-28 00:46:54 |INFO  |main |DirectJDKLog.java:173 |org.apache.catalina.core.AprLifecycleListener |APR capabilities: IPv6 [true], sendfile [true], accept filters [false], random [true].
2020-09-28 00:46:54 |INFO  |main |DirectJDKLog.java:173 |org.apache.catalina.core.AprLifecycleListener |APR/OpenSSL configuration: useAprConnector [false], useOpenSSL [true]
2020-09-28 00:46:54 |INFO  |main |DirectJDKLog.java:173 |org.apache.catalina.core.AprLifecycleListener |OpenSSL successfully initialized [OpenSSL 1.1.1a  20 Nov 2018]
2020-09-28 00:46:54 |INFO  |main |DirectJDKLog.java:173 |org.apache.catalina.core.ContainerBase.[Tomcat].[localhost].[/] |Initializing Spring embedded WebApplicationContext
2020-09-28 00:46:54 |INFO  |main |ServletWebServerApplicationContext.java:284 |org.springframework.web.context.ContextLoader |Root WebApplicationContext: initialization completed in 2001 ms
2020-09-28 00:46:54 |INFO  |main |SentinelWebAutoConfiguration.java:96 |com.alibaba.cloud.sentinel.SentinelWebAutoConfiguration |[Sentinel Starter] register Sentinel CommonFilter with urlPatterns: [/*].
2020-09-28 00:46:55 |INFO  |main |PropertySourcedRequestMappingHandlerMapping.java:69 |springfox.documentation.spring.web.PropertySourcedRequestMappingHandlerMapping |Mapped URL path [/v2/api-docs] onto method [springfox.documentation.swagger2.web.Swagger2Controller#getDocumentation(String, HttpServletRequest)]
2020-09-28 00:46:55 |INFO  |main |URLConfigurationSource.java:122 |com.netflix.config.sources.URLConfigurationSource |To enable URLs as dynamic configuration sources, define System property archaius.configurationSource.additionalUrls or make config.properties available on classpath.
2020-09-28 00:46:55 |INFO  |main |URLConfigurationSource.java:122 |com.netflix.config.sources.URLConfigurationSource |To enable URLs as dynamic configuration sources, define System property archaius.configurationSource.additionalUrls or make config.properties available on classpath.
2020-09-28 00:46:55 |INFO  |main |ExecutorConfigurationSupport.java:171 |org.springframework.scheduling.concurrent.ThreadPoolTaskExecutor |Initializing ExecutorService 'applicationTaskExecutor'
2020-09-28 00:46:56 |INFO  |main |ExecutorConfigurationSupport.java:171 |org.springframework.scheduling.concurrent.ThreadPoolTaskScheduler |Initializing ExecutorService
2020-09-28 00:46:56 |INFO  |main |EpollProvider.java:68 |io.lettuce.core.EpollProvider |Starting without optional epoll library
2020-09-28 00:46:56 |INFO  |main |KqueueProvider.java:70 |io.lettuce.core.KqueueProvider |Starting without optional kqueue library
2020-09-28 00:46:58 |INFO  |main |DocumentationPluginsBootstrapper.java:147 |springfox.documentation.spring.web.plugins.DocumentationPluginsBootstrapper |Context refreshed
2020-09-28 00:46:58 |INFO  |main |DocumentationPluginsBootstrapper.java:150 |springfox.documentation.spring.web.plugins.DocumentationPluginsBootstrapper |Found 2 custom documentation plugin(s)
2020-09-28 00:46:58 |INFO  |main |ApiListingReferenceScanner.java:41 |springfox.documentation.spring.web.scanners.ApiListingReferenceScanner |Scanning for api listing references
2020-09-28 00:46:58 |INFO  |main |ApiListingReferenceScanner.java:41 |springfox.documentation.spring.web.scanners.ApiListingReferenceScanner |Scanning for api listing references
2020-09-28 00:46:59 |INFO  |main |ScheduledAnnotationBeanPostProcessor.java:297 |org.springframework.scheduling.annotation.ScheduledAnnotationBeanPostProcessor |No TaskScheduler/ScheduledExecutorService bean found for scheduled processing
2020-09-28 00:46:59 |INFO  |main |DirectJDKLog.java:173 |org.apache.coyote.http11.Http11NioProtocol |Starting ProtocolHandler ["http-nio-8150"]
2020-09-28 00:46:59 |INFO  |main |TomcatWebServer.java:204 |org.springframework.boot.web.embedded.tomcat.TomcatWebServer |Tomcat started on port(s): 8150 (http) with context path ''
2020-09-28 00:46:59 |INFO  |main |NacosServiceRegistry.java:62 |com.alibaba.cloud.nacos.registry.NacosServiceRegistry |nacos registry, service-sms 192.168.43.42:8150 register finished
2020-09-28 00:46:59 |INFO  |main |StartupInfoLogger.java:61 |com.bai.guli.service.sms.SmsServiceApplication |Started SmsServiceApplication in 9.606 seconds (JVM running for 10.715)
2020-09-28 00:47:09 |INFO  |http-nio-8150-exec-1 |DirectJDKLog.java:173 |org.apache.catalina.core.ContainerBase.[Tomcat].[localhost].[/] |Initializing Spring DispatcherServlet 'dispatcherServlet'
2020-09-28 00:47:09 |INFO  |http-nio-8150-exec-1 |FrameworkServlet.java:525 |org.springframework.web.servlet.DispatcherServlet |Initializing Servlet 'dispatcherServlet'
2020-09-28 00:47:09 |INFO  |http-nio-8150-exec-1 |FrameworkServlet.java:547 |org.springframework.web.servlet.DispatcherServlet |Completed initialization in 11 ms
2020-09-28 00:48:08 |INFO  |main |SpringApplication.java:655 |com.bai.guli.service.sms.SmsServiceApplication |The following profiles are active: dev
2020-09-28 00:48:09 |INFO  |main |RepositoryConfigurationDelegate.java:249 |org.springframework.data.repository.config.RepositoryConfigurationDelegate |Multiple Spring Data modules found, entering strict repository configuration mode!
2020-09-28 00:48:09 |INFO  |main |RepositoryConfigurationDelegate.java:127 |org.springframework.data.repository.config.RepositoryConfigurationDelegate |Bootstrapping Spring Data Redis repositories in DEFAULT mode.
2020-09-28 00:48:09 |INFO  |main |RepositoryConfigurationDelegate.java:187 |org.springframework.data.repository.config.RepositoryConfigurationDelegate |Finished Spring Data repository scanning in 7ms. Found 0 Redis repository interfaces.
2020-09-28 00:48:10 |INFO  |main |GenericScope.java:295 |org.springframework.cloud.context.scope.GenericScope |BeanFactory id=d0d2a296-4d48-358a-bded-9ac4b59b39b1
2020-09-28 00:48:10 |INFO  |main |PostProcessorRegistrationDelegate.java:330 |org.springframework.context.support.PostProcessorRegistrationDelegate$BeanPostProcessorChecker |Bean 'org.springframework.transaction.annotation.ProxyTransactionManagementConfiguration' of type [org.springframework.transaction.annotation.ProxyTransactionManagementConfiguration] is not eligible for getting processed by all BeanPostProcessors (for example: not eligible for auto-proxying)
2020-09-28 00:48:10 |INFO  |main |PostProcessorRegistrationDelegate.java:330 |org.springframework.context.support.PostProcessorRegistrationDelegate$BeanPostProcessorChecker |Bean 'spring.cloud.sentinel-com.alibaba.cloud.sentinel.SentinelProperties' of type [com.alibaba.cloud.sentinel.SentinelProperties] is not eligible for getting processed by all BeanPostProcessors (for example: not eligible for auto-proxying)
2020-09-28 00:48:10 |INFO  |main |PostProcessorRegistrationDelegate.java:330 |org.springframework.context.support.PostProcessorRegistrationDelegate$BeanPostProcessorChecker |Bean 'com.alibaba.cloud.sentinel.custom.SentinelAutoConfiguration' of type [com.alibaba.cloud.sentinel.custom.SentinelAutoConfiguration$$EnhancerBySpringCGLIB$$10bbff03] is not eligible for getting processed by all BeanPostProcessors (for example: not eligible for auto-proxying)
2020-09-28 00:48:10 |INFO  |main |TomcatWebServer.java:92 |org.springframework.boot.web.embedded.tomcat.TomcatWebServer |Tomcat initialized with port(s): 8150 (http)
2020-09-28 00:48:10 |INFO  |main |DirectJDKLog.java:173 |org.apache.coyote.http11.Http11NioProtocol |Initializing ProtocolHandler ["http-nio-8150"]
2020-09-28 00:48:10 |INFO  |main |DirectJDKLog.java:173 |org.apache.catalina.core.StandardService |Starting service [Tomcat]
2020-09-28 00:48:10 |INFO  |main |DirectJDKLog.java:173 |org.apache.catalina.core.StandardEngine |Starting Servlet engine: [Apache Tomcat/9.0.29]
2020-09-28 00:48:10 |INFO  |main |DirectJDKLog.java:173 |org.apache.catalina.core.AprLifecycleListener |An older version [1.2.21] of the APR based Apache Tomcat Native library is installed, while Tomcat recommends a minimum version of [1.2.23]
2020-09-28 00:48:10 |INFO  |main |DirectJDKLog.java:173 |org.apache.catalina.core.AprLifecycleListener |Loaded APR based Apache Tomcat Native library [1.2.21] using APR version [1.6.5].
2020-09-28 00:48:10 |INFO  |main |DirectJDKLog.java:173 |org.apache.catalina.core.AprLifecycleListener |APR capabilities: IPv6 [true], sendfile [true], accept filters [false], random [true].
2020-09-28 00:48:10 |INFO  |main |DirectJDKLog.java:173 |org.apache.catalina.core.AprLifecycleListener |APR/OpenSSL configuration: useAprConnector [false], useOpenSSL [true]
2020-09-28 00:48:10 |INFO  |main |DirectJDKLog.java:173 |org.apache.catalina.core.AprLifecycleListener |OpenSSL successfully initialized [OpenSSL 1.1.1a  20 Nov 2018]
2020-09-28 00:48:10 |INFO  |main |DirectJDKLog.java:173 |org.apache.catalina.core.ContainerBase.[Tomcat].[localhost].[/] |Initializing Spring embedded WebApplicationContext
2020-09-28 00:48:10 |INFO  |main |ServletWebServerApplicationContext.java:284 |org.springframework.web.context.ContextLoader |Root WebApplicationContext: initialization completed in 1940 ms
2020-09-28 00:48:10 |INFO  |main |SentinelWebAutoConfiguration.java:96 |com.alibaba.cloud.sentinel.SentinelWebAutoConfiguration |[Sentinel Starter] register Sentinel CommonFilter with urlPatterns: [/*].
2020-09-28 00:48:11 |INFO  |main |PropertySourcedRequestMappingHandlerMapping.java:69 |springfox.documentation.spring.web.PropertySourcedRequestMappingHandlerMapping |Mapped URL path [/v2/api-docs] onto method [springfox.documentation.swagger2.web.Swagger2Controller#getDocumentation(String, HttpServletRequest)]
2020-09-28 00:48:11 |INFO  |main |URLConfigurationSource.java:122 |com.netflix.config.sources.URLConfigurationSource |To enable URLs as dynamic configuration sources, define System property archaius.configurationSource.additionalUrls or make config.properties available on classpath.
2020-09-28 00:48:11 |INFO  |main |URLConfigurationSource.java:122 |com.netflix.config.sources.URLConfigurationSource |To enable URLs as dynamic configuration sources, define System property archaius.configurationSource.additionalUrls or make config.properties available on classpath.
2020-09-28 00:48:11 |INFO  |main |ExecutorConfigurationSupport.java:171 |org.springframework.scheduling.concurrent.ThreadPoolTaskExecutor |Initializing ExecutorService 'applicationTaskExecutor'
2020-09-28 00:48:12 |INFO  |main |ExecutorConfigurationSupport.java:171 |org.springframework.scheduling.concurrent.ThreadPoolTaskScheduler |Initializing ExecutorService
2020-09-28 00:48:12 |INFO  |main |EpollProvider.java:68 |io.lettuce.core.EpollProvider |Starting without optional epoll library
2020-09-28 00:48:12 |INFO  |main |KqueueProvider.java:70 |io.lettuce.core.KqueueProvider |Starting without optional kqueue library
2020-09-28 00:48:14 |INFO  |main |DocumentationPluginsBootstrapper.java:147 |springfox.documentation.spring.web.plugins.DocumentationPluginsBootstrapper |Context refreshed
2020-09-28 00:48:14 |INFO  |main |DocumentationPluginsBootstrapper.java:150 |springfox.documentation.spring.web.plugins.DocumentationPluginsBootstrapper |Found 2 custom documentation plugin(s)
2020-09-28 00:48:14 |INFO  |main |ApiListingReferenceScanner.java:41 |springfox.documentation.spring.web.scanners.ApiListingReferenceScanner |Scanning for api listing references
2020-09-28 00:48:14 |INFO  |main |ApiListingReferenceScanner.java:41 |springfox.documentation.spring.web.scanners.ApiListingReferenceScanner |Scanning for api listing references
2020-09-28 00:48:15 |INFO  |main |ScheduledAnnotationBeanPostProcessor.java:297 |org.springframework.scheduling.annotation.ScheduledAnnotationBeanPostProcessor |No TaskScheduler/ScheduledExecutorService bean found for scheduled processing
2020-09-28 00:48:15 |INFO  |main |DirectJDKLog.java:173 |org.apache.coyote.http11.Http11NioProtocol |Starting ProtocolHandler ["http-nio-8150"]
2020-09-28 00:48:15 |INFO  |main |TomcatWebServer.java:204 |org.springframework.boot.web.embedded.tomcat.TomcatWebServer |Tomcat started on port(s): 8150 (http) with context path ''
2020-09-28 00:48:15 |INFO  |main |NacosServiceRegistry.java:62 |com.alibaba.cloud.nacos.registry.NacosServiceRegistry |nacos registry, service-sms 192.168.43.42:8150 register finished
2020-09-28 00:48:15 |INFO  |main |StartupInfoLogger.java:61 |com.bai.guli.service.sms.SmsServiceApplication |Started SmsServiceApplication in 9.549 seconds (JVM running for 10.788)
2020-09-28 00:48:18 |INFO  |http-nio-8150-exec-1 |DirectJDKLog.java:173 |org.apache.catalina.core.ContainerBase.[Tomcat].[localhost].[/] |Initializing Spring DispatcherServlet 'dispatcherServlet'
2020-09-28 00:48:18 |INFO  |http-nio-8150-exec-1 |FrameworkServlet.java:525 |org.springframework.web.servlet.DispatcherServlet |Initializing Servlet 'dispatcherServlet'
2020-09-28 00:48:18 |INFO  |http-nio-8150-exec-1 |FrameworkServlet.java:547 |org.springframework.web.servlet.DispatcherServlet |Completed initialization in 10 ms
2020-09-28 16:09:25 |INFO  |main |SpringApplication.java:655 |com.bai.guli.service.sms.SmsServiceApplication |The following profiles are active: dev
2020-09-28 16:09:25 |INFO  |main |RepositoryConfigurationDelegate.java:249 |org.springframework.data.repository.config.RepositoryConfigurationDelegate |Multiple Spring Data modules found, entering strict repository configuration mode!
2020-09-28 16:09:25 |INFO  |main |RepositoryConfigurationDelegate.java:127 |org.springframework.data.repository.config.RepositoryConfigurationDelegate |Bootstrapping Spring Data Redis repositories in DEFAULT mode.
2020-09-28 16:09:25 |INFO  |main |RepositoryConfigurationDelegate.java:187 |org.springframework.data.repository.config.RepositoryConfigurationDelegate |Finished Spring Data repository scanning in 5ms. Found 0 Redis repository interfaces.
2020-09-28 16:09:26 |INFO  |main |GenericScope.java:295 |org.springframework.cloud.context.scope.GenericScope |BeanFactory id=d0d2a296-4d48-358a-bded-9ac4b59b39b1
2020-09-28 16:09:26 |INFO  |main |PostProcessorRegistrationDelegate.java:330 |org.springframework.context.support.PostProcessorRegistrationDelegate$BeanPostProcessorChecker |Bean 'org.springframework.transaction.annotation.ProxyTransactionManagementConfiguration' of type [org.springframework.transaction.annotation.ProxyTransactionManagementConfiguration] is not eligible for getting processed by all BeanPostProcessors (for example: not eligible for auto-proxying)
2020-09-28 16:09:26 |INFO  |main |PostProcessorRegistrationDelegate.java:330 |org.springframework.context.support.PostProcessorRegistrationDelegate$BeanPostProcessorChecker |Bean 'spring.cloud.sentinel-com.alibaba.cloud.sentinel.SentinelProperties' of type [com.alibaba.cloud.sentinel.SentinelProperties] is not eligible for getting processed by all BeanPostProcessors (for example: not eligible for auto-proxying)
2020-09-28 16:09:26 |INFO  |main |PostProcessorRegistrationDelegate.java:330 |org.springframework.context.support.PostProcessorRegistrationDelegate$BeanPostProcessorChecker |Bean 'com.alibaba.cloud.sentinel.custom.SentinelAutoConfiguration' of type [com.alibaba.cloud.sentinel.custom.SentinelAutoConfiguration$$EnhancerBySpringCGLIB$$aa547849] is not eligible for getting processed by all BeanPostProcessors (for example: not eligible for auto-proxying)
2020-09-28 16:09:27 |INFO  |main |TomcatWebServer.java:92 |org.springframework.boot.web.embedded.tomcat.TomcatWebServer |Tomcat initialized with port(s): 8150 (http)
2020-09-28 16:09:27 |INFO  |main |DirectJDKLog.java:173 |org.apache.coyote.http11.Http11NioProtocol |Initializing ProtocolHandler ["http-nio-8150"]
2020-09-28 16:09:27 |INFO  |main |DirectJDKLog.java:173 |org.apache.catalina.core.StandardService |Starting service [Tomcat]
2020-09-28 16:09:27 |INFO  |main |DirectJDKLog.java:173 |org.apache.catalina.core.StandardEngine |Starting Servlet engine: [Apache Tomcat/9.0.29]
2020-09-28 16:09:27 |INFO  |main |DirectJDKLog.java:173 |org.apache.catalina.core.AprLifecycleListener |An older version [1.2.21] of the APR based Apache Tomcat Native library is installed, while Tomcat recommends a minimum version of [1.2.23]
2020-09-28 16:09:27 |INFO  |main |DirectJDKLog.java:173 |org.apache.catalina.core.AprLifecycleListener |Loaded APR based Apache Tomcat Native library [1.2.21] using APR version [1.6.5].
2020-09-28 16:09:27 |INFO  |main |DirectJDKLog.java:173 |org.apache.catalina.core.AprLifecycleListener |APR capabilities: IPv6 [true], sendfile [true], accept filters [false], random [true].
2020-09-28 16:09:27 |INFO  |main |DirectJDKLog.java:173 |org.apache.catalina.core.AprLifecycleListener |APR/OpenSSL configuration: useAprConnector [false], useOpenSSL [true]
2020-09-28 16:09:27 |INFO  |main |DirectJDKLog.java:173 |org.apache.catalina.core.AprLifecycleListener |OpenSSL successfully initialized [OpenSSL 1.1.1a  20 Nov 2018]
2020-09-28 16:09:27 |INFO  |main |DirectJDKLog.java:173 |org.apache.catalina.core.ContainerBase.[Tomcat].[localhost].[/] |Initializing Spring embedded WebApplicationContext
2020-09-28 16:09:27 |INFO  |main |ServletWebServerApplicationContext.java:284 |org.springframework.web.context.ContextLoader |Root WebApplicationContext: initialization completed in 2173 ms
2020-09-28 16:09:27 |INFO  |main |SentinelWebAutoConfiguration.java:96 |com.alibaba.cloud.sentinel.SentinelWebAutoConfiguration |[Sentinel Starter] register Sentinel CommonFilter with urlPatterns: [/*].
2020-09-28 16:09:28 |INFO  |main |PropertySourcedRequestMappingHandlerMapping.java:69 |springfox.documentation.spring.web.PropertySourcedRequestMappingHandlerMapping |Mapped URL path [/v2/api-docs] onto method [springfox.documentation.swagger2.web.Swagger2Controller#getDocumentation(String, HttpServletRequest)]
2020-09-28 16:09:28 |INFO  |main |URLConfigurationSource.java:122 |com.netflix.config.sources.URLConfigurationSource |To enable URLs as dynamic configuration sources, define System property archaius.configurationSource.additionalUrls or make config.properties available on classpath.
2020-09-28 16:09:28 |INFO  |main |URLConfigurationSource.java:122 |com.netflix.config.sources.URLConfigurationSource |To enable URLs as dynamic configuration sources, define System property archaius.configurationSource.additionalUrls or make config.properties available on classpath.
2020-09-28 16:09:28 |INFO  |main |ExecutorConfigurationSupport.java:171 |org.springframework.scheduling.concurrent.ThreadPoolTaskExecutor |Initializing ExecutorService 'applicationTaskExecutor'
2020-09-28 16:09:28 |INFO  |main |ExecutorConfigurationSupport.java:171 |org.springframework.scheduling.concurrent.ThreadPoolTaskScheduler |Initializing ExecutorService
2020-09-28 16:09:29 |INFO  |main |EpollProvider.java:68 |io.lettuce.core.EpollProvider |Starting without optional epoll library
2020-09-28 16:09:29 |INFO  |main |KqueueProvider.java:70 |io.lettuce.core.KqueueProvider |Starting without optional kqueue library
2020-09-28 16:09:31 |INFO  |main |DocumentationPluginsBootstrapper.java:147 |springfox.documentation.spring.web.plugins.DocumentationPluginsBootstrapper |Context refreshed
2020-09-28 16:09:31 |INFO  |main |DocumentationPluginsBootstrapper.java:150 |springfox.documentation.spring.web.plugins.DocumentationPluginsBootstrapper |Found 2 custom documentation plugin(s)
2020-09-28 16:09:31 |INFO  |main |ApiListingReferenceScanner.java:41 |springfox.documentation.spring.web.scanners.ApiListingReferenceScanner |Scanning for api listing references
2020-09-28 16:09:31 |INFO  |main |ApiListingReferenceScanner.java:41 |springfox.documentation.spring.web.scanners.ApiListingReferenceScanner |Scanning for api listing references
2020-09-28 16:09:31 |INFO  |main |ScheduledAnnotationBeanPostProcessor.java:297 |org.springframework.scheduling.annotation.ScheduledAnnotationBeanPostProcessor |No TaskScheduler/ScheduledExecutorService bean found for scheduled processing
2020-09-28 16:09:31 |INFO  |main |DirectJDKLog.java:173 |org.apache.coyote.http11.Http11NioProtocol |Starting ProtocolHandler ["http-nio-8150"]
2020-09-28 16:09:31 |INFO  |main |TomcatWebServer.java:204 |org.springframework.boot.web.embedded.tomcat.TomcatWebServer |Tomcat started on port(s): 8150 (http) with context path ''
2020-09-28 16:09:31 |INFO  |main |NacosServiceRegistry.java:62 |com.alibaba.cloud.nacos.registry.NacosServiceRegistry |nacos registry, service-sms 192.168.16.102:8150 register finished
2020-09-28 16:09:32 |INFO  |main |StartupInfoLogger.java:61 |com.bai.guli.service.sms.SmsServiceApplication |Started SmsServiceApplication in 9.795 seconds (JVM running for 11.186)
2020-09-28 19:05:49 |INFO  |http-nio-8150-exec-2 |DirectJDKLog.java:173 |org.apache.catalina.core.ContainerBase.[Tomcat].[localhost].[/] |Initializing Spring DispatcherServlet 'dispatcherServlet'
2020-09-28 19:05:49 |INFO  |http-nio-8150-exec-2 |FrameworkServlet.java:525 |org.springframework.web.servlet.DispatcherServlet |Initializing Servlet 'dispatcherServlet'
2020-09-28 19:05:49 |INFO  |http-nio-8150-exec-2 |FrameworkServlet.java:547 |org.springframework.web.servlet.DispatcherServlet |Completed initialization in 43 ms
2020-09-28 19:08:12 |INFO  |main |SpringApplication.java:655 |com.bai.guli.service.sms.SmsServiceApplication |The following profiles are active: dev
2020-09-28 19:08:13 |INFO  |main |RepositoryConfigurationDelegate.java:249 |org.springframework.data.repository.config.RepositoryConfigurationDelegate |Multiple Spring Data modules found, entering strict repository configuration mode!
2020-09-28 19:08:13 |INFO  |main |RepositoryConfigurationDelegate.java:127 |org.springframework.data.repository.config.RepositoryConfigurationDelegate |Bootstrapping Spring Data Redis repositories in DEFAULT mode.
2020-09-28 19:08:13 |INFO  |main |RepositoryConfigurationDelegate.java:187 |org.springframework.data.repository.config.RepositoryConfigurationDelegate |Finished Spring Data repository scanning in 4ms. Found 0 Redis repository interfaces.
2020-09-28 19:08:13 |INFO  |main |GenericScope.java:295 |org.springframework.cloud.context.scope.GenericScope |BeanFactory id=d0d2a296-4d48-358a-bded-9ac4b59b39b1
2020-09-28 19:08:13 |INFO  |main |PostProcessorRegistrationDelegate.java:330 |org.springframework.context.support.PostProcessorRegistrationDelegate$BeanPostProcessorChecker |Bean 'org.springframework.transaction.annotation.ProxyTransactionManagementConfiguration' of type [org.springframework.transaction.annotation.ProxyTransactionManagementConfiguration] is not eligible for getting processed by all BeanPostProcessors (for example: not eligible for auto-proxying)
2020-09-28 19:08:13 |INFO  |main |PostProcessorRegistrationDelegate.java:330 |org.springframework.context.support.PostProcessorRegistrationDelegate$BeanPostProcessorChecker |Bean 'spring.cloud.sentinel-com.alibaba.cloud.sentinel.SentinelProperties' of type [com.alibaba.cloud.sentinel.SentinelProperties] is not eligible for getting processed by all BeanPostProcessors (for example: not eligible for auto-proxying)
2020-09-28 19:08:13 |INFO  |main |PostProcessorRegistrationDelegate.java:330 |org.springframework.context.support.PostProcessorRegistrationDelegate$BeanPostProcessorChecker |Bean 'com.alibaba.cloud.sentinel.custom.SentinelAutoConfiguration' of type [com.alibaba.cloud.sentinel.custom.SentinelAutoConfiguration$$EnhancerBySpringCGLIB$$a4c97f0f] is not eligible for getting processed by all BeanPostProcessors (for example: not eligible for auto-proxying)
2020-09-28 19:08:14 |INFO  |main |TomcatWebServer.java:92 |org.springframework.boot.web.embedded.tomcat.TomcatWebServer |Tomcat initialized with port(s): 8150 (http)
2020-09-28 19:08:14 |INFO  |main |DirectJDKLog.java:173 |org.apache.coyote.http11.Http11NioProtocol |Initializing ProtocolHandler ["http-nio-8150"]
2020-09-28 19:08:14 |INFO  |main |DirectJDKLog.java:173 |org.apache.catalina.core.StandardService |Starting service [Tomcat]
2020-09-28 19:08:14 |INFO  |main |DirectJDKLog.java:173 |org.apache.catalina.core.StandardEngine |Starting Servlet engine: [Apache Tomcat/9.0.29]
2020-09-28 19:08:14 |INFO  |main |DirectJDKLog.java:173 |org.apache.catalina.core.AprLifecycleListener |An older version [1.2.21] of the APR based Apache Tomcat Native library is installed, while Tomcat recommends a minimum version of [1.2.23]
2020-09-28 19:08:14 |INFO  |main |DirectJDKLog.java:173 |org.apache.catalina.core.AprLifecycleListener |Loaded APR based Apache Tomcat Native library [1.2.21] using APR version [1.6.5].
2020-09-28 19:08:14 |INFO  |main |DirectJDKLog.java:173 |org.apache.catalina.core.AprLifecycleListener |APR capabilities: IPv6 [true], sendfile [true], accept filters [false], random [true].
2020-09-28 19:08:14 |INFO  |main |DirectJDKLog.java:173 |org.apache.catalina.core.AprLifecycleListener |APR/OpenSSL configuration: useAprConnector [false], useOpenSSL [true]
2020-09-28 19:08:14 |INFO  |main |DirectJDKLog.java:173 |org.apache.catalina.core.AprLifecycleListener |OpenSSL successfully initialized [OpenSSL 1.1.1a  20 Nov 2018]
2020-09-28 19:08:14 |INFO  |main |DirectJDKLog.java:173 |org.apache.catalina.core.ContainerBase.[Tomcat].[localhost].[/] |Initializing Spring embedded WebApplicationContext
2020-09-28 19:08:14 |INFO  |main |ServletWebServerApplicationContext.java:284 |org.springframework.web.context.ContextLoader |Root WebApplicationContext: initialization completed in 1980 ms
2020-09-28 19:08:14 |INFO  |main |SentinelWebAutoConfiguration.java:96 |com.alibaba.cloud.sentinel.SentinelWebAutoConfiguration |[Sentinel Starter] register Sentinel CommonFilter with urlPatterns: [/*].
2020-09-28 19:08:14 |INFO  |main |PropertySourcedRequestMappingHandlerMapping.java:69 |springfox.documentation.spring.web.PropertySourcedRequestMappingHandlerMapping |Mapped URL path [/v2/api-docs] onto method [springfox.documentation.swagger2.web.Swagger2Controller#getDocumentation(String, HttpServletRequest)]
2020-09-28 19:08:15 |INFO  |main |URLConfigurationSource.java:122 |com.netflix.config.sources.URLConfigurationSource |To enable URLs as dynamic configuration sources, define System property archaius.configurationSource.additionalUrls or make config.properties available on classpath.
2020-09-28 19:08:15 |INFO  |main |URLConfigurationSource.java:122 |com.netflix.config.sources.URLConfigurationSource |To enable URLs as dynamic configuration sources, define System property archaius.configurationSource.additionalUrls or make config.properties available on classpath.
2020-09-28 19:08:15 |INFO  |main |ExecutorConfigurationSupport.java:171 |org.springframework.scheduling.concurrent.ThreadPoolTaskExecutor |Initializing ExecutorService 'applicationTaskExecutor'
2020-09-28 19:08:15 |INFO  |main |ExecutorConfigurationSupport.java:171 |org.springframework.scheduling.concurrent.ThreadPoolTaskScheduler |Initializing ExecutorService
2020-09-28 19:08:16 |INFO  |main |EpollProvider.java:68 |io.lettuce.core.EpollProvider |Starting without optional epoll library
2020-09-28 19:08:16 |INFO  |main |KqueueProvider.java:70 |io.lettuce.core.KqueueProvider |Starting without optional kqueue library
2020-09-28 19:08:17 |INFO  |main |DocumentationPluginsBootstrapper.java:147 |springfox.documentation.spring.web.plugins.DocumentationPluginsBootstrapper |Context refreshed
2020-09-28 19:08:17 |INFO  |main |DocumentationPluginsBootstrapper.java:150 |springfox.documentation.spring.web.plugins.DocumentationPluginsBootstrapper |Found 2 custom documentation plugin(s)
2020-09-28 19:08:17 |INFO  |main |ApiListingReferenceScanner.java:41 |springfox.documentation.spring.web.scanners.ApiListingReferenceScanner |Scanning for api listing references
2020-09-28 19:08:17 |INFO  |main |ApiListingReferenceScanner.java:41 |springfox.documentation.spring.web.scanners.ApiListingReferenceScanner |Scanning for api listing references
2020-09-28 19:08:18 |INFO  |main |ScheduledAnnotationBeanPostProcessor.java:297 |org.springframework.scheduling.annotation.ScheduledAnnotationBeanPostProcessor |No TaskScheduler/ScheduledExecutorService bean found for scheduled processing
2020-09-28 19:08:18 |INFO  |main |DirectJDKLog.java:173 |org.apache.coyote.http11.Http11NioProtocol |Starting ProtocolHandler ["http-nio-8150"]
2020-09-28 19:08:18 |INFO  |main |DirectJDKLog.java:173 |org.apache.coyote.http11.Http11NioProtocol |Pausing ProtocolHandler ["http-nio-8150"]
2020-09-28 19:08:18 |INFO  |main |DirectJDKLog.java:173 |org.apache.catalina.core.StandardService |Stopping service [Tomcat]
2020-09-28 19:08:18 |INFO  |main |DirectJDKLog.java:173 |org.apache.coyote.http11.Http11NioProtocol |Stopping ProtocolHandler ["http-nio-8150"]
2020-09-28 19:08:18 |INFO  |main |DirectJDKLog.java:173 |org.apache.coyote.http11.Http11NioProtocol |Destroying ProtocolHandler ["http-nio-8150"]
2020-09-28 19:08:18 |INFO  |main |ExecutorConfigurationSupport.java:208 |org.springframework.scheduling.concurrent.ThreadPoolTaskExecutor |Shutting down ExecutorService 'applicationTaskExecutor'
2020-09-28 19:12:51 |INFO  |main |SpringApplication.java:655 |com.bai.guli.service.sms.SmsServiceApplication |The following profiles are active: dev
2020-09-28 19:12:52 |INFO  |main |RepositoryConfigurationDelegate.java:249 |org.springframework.data.repository.config.RepositoryConfigurationDelegate |Multiple Spring Data modules found, entering strict repository configuration mode!
2020-09-28 19:12:52 |INFO  |main |RepositoryConfigurationDelegate.java:127 |org.springframework.data.repository.config.RepositoryConfigurationDelegate |Bootstrapping Spring Data Redis repositories in DEFAULT mode.
2020-09-28 19:12:52 |INFO  |main |RepositoryConfigurationDelegate.java:187 |org.springframework.data.repository.config.RepositoryConfigurationDelegate |Finished Spring Data repository scanning in 5ms. Found 0 Redis repository interfaces.
2020-09-28 19:12:52 |INFO  |main |GenericScope.java:295 |org.springframework.cloud.context.scope.GenericScope |BeanFactory id=d0d2a296-4d48-358a-bded-9ac4b59b39b1
2020-09-28 19:12:52 |INFO  |main |PostProcessorRegistrationDelegate.java:330 |org.springframework.context.support.PostProcessorRegistrationDelegate$BeanPostProcessorChecker |Bean 'org.springframework.transaction.annotation.ProxyTransactionManagementConfiguration' of type [org.springframework.transaction.annotation.ProxyTransactionManagementConfiguration] is not eligible for getting processed by all BeanPostProcessors (for example: not eligible for auto-proxying)
2020-09-28 19:12:52 |INFO  |main |PostProcessorRegistrationDelegate.java:330 |org.springframework.context.support.PostProcessorRegistrationDelegate$BeanPostProcessorChecker |Bean 'spring.cloud.sentinel-com.alibaba.cloud.sentinel.SentinelProperties' of type [com.alibaba.cloud.sentinel.SentinelProperties] is not eligible for getting processed by all BeanPostProcessors (for example: not eligible for auto-proxying)
2020-09-28 19:12:52 |INFO  |main |PostProcessorRegistrationDelegate.java:330 |org.springframework.context.support.PostProcessorRegistrationDelegate$BeanPostProcessorChecker |Bean 'com.alibaba.cloud.sentinel.custom.SentinelAutoConfiguration' of type [com.alibaba.cloud.sentinel.custom.SentinelAutoConfiguration$$EnhancerBySpringCGLIB$$3a742487] is not eligible for getting processed by all BeanPostProcessors (for example: not eligible for auto-proxying)
2020-09-28 19:12:53 |INFO  |main |TomcatWebServer.java:92 |org.springframework.boot.web.embedded.tomcat.TomcatWebServer |Tomcat initialized with port(s): 8150 (http)
2020-09-28 19:12:53 |INFO  |main |DirectJDKLog.java:173 |org.apache.coyote.http11.Http11NioProtocol |Initializing ProtocolHandler ["http-nio-8150"]
2020-09-28 19:12:53 |INFO  |main |DirectJDKLog.java:173 |org.apache.catalina.core.StandardService |Starting service [Tomcat]
2020-09-28 19:12:53 |INFO  |main |DirectJDKLog.java:173 |org.apache.catalina.core.StandardEngine |Starting Servlet engine: [Apache Tomcat/9.0.29]
2020-09-28 19:12:53 |INFO  |main |DirectJDKLog.java:173 |org.apache.catalina.core.AprLifecycleListener |An older version [1.2.21] of the APR based Apache Tomcat Native library is installed, while Tomcat recommends a minimum version of [1.2.23]
2020-09-28 19:12:53 |INFO  |main |DirectJDKLog.java:173 |org.apache.catalina.core.AprLifecycleListener |Loaded APR based Apache Tomcat Native library [1.2.21] using APR version [1.6.5].
2020-09-28 19:12:53 |INFO  |main |DirectJDKLog.java:173 |org.apache.catalina.core.AprLifecycleListener |APR capabilities: IPv6 [true], sendfile [true], accept filters [false], random [true].
2020-09-28 19:12:53 |INFO  |main |DirectJDKLog.java:173 |org.apache.catalina.core.AprLifecycleListener |APR/OpenSSL configuration: useAprConnector [false], useOpenSSL [true]
2020-09-28 19:12:53 |INFO  |main |DirectJDKLog.java:173 |org.apache.catalina.core.AprLifecycleListener |OpenSSL successfully initialized [OpenSSL 1.1.1a  20 Nov 2018]
2020-09-28 19:12:53 |INFO  |main |DirectJDKLog.java:173 |org.apache.catalina.core.ContainerBase.[Tomcat].[localhost].[/] |Initializing Spring embedded WebApplicationContext
2020-09-28 19:12:53 |INFO  |main |ServletWebServerApplicationContext.java:284 |org.springframework.web.context.ContextLoader |Root WebApplicationContext: initialization completed in 1797 ms
2020-09-28 19:12:53 |INFO  |main |SentinelWebAutoConfiguration.java:96 |com.alibaba.cloud.sentinel.SentinelWebAutoConfiguration |[Sentinel Starter] register Sentinel CommonFilter with urlPatterns: [/*].
2020-09-28 19:12:54 |INFO  |main |PropertySourcedRequestMappingHandlerMapping.java:69 |springfox.documentation.spring.web.PropertySourcedRequestMappingHandlerMapping |Mapped URL path [/v2/api-docs] onto method [springfox.documentation.swagger2.web.Swagger2Controller#getDocumentation(String, HttpServletRequest)]
2020-09-28 19:12:54 |INFO  |main |URLConfigurationSource.java:122 |com.netflix.config.sources.URLConfigurationSource |To enable URLs as dynamic configuration sources, define System property archaius.configurationSource.additionalUrls or make config.properties available on classpath.
2020-09-28 19:12:54 |INFO  |main |URLConfigurationSource.java:122 |com.netflix.config.sources.URLConfigurationSource |To enable URLs as dynamic configuration sources, define System property archaius.configurationSource.additionalUrls or make config.properties available on classpath.
2020-09-28 19:12:54 |INFO  |main |ExecutorConfigurationSupport.java:171 |org.springframework.scheduling.concurrent.ThreadPoolTaskExecutor |Initializing ExecutorService 'applicationTaskExecutor'
2020-09-28 19:12:55 |INFO  |main |ExecutorConfigurationSupport.java:171 |org.springframework.scheduling.concurrent.ThreadPoolTaskScheduler |Initializing ExecutorService
2020-09-28 19:12:55 |INFO  |main |EpollProvider.java:68 |io.lettuce.core.EpollProvider |Starting without optional epoll library
2020-09-28 19:12:55 |INFO  |main |KqueueProvider.java:70 |io.lettuce.core.KqueueProvider |Starting without optional kqueue library
2020-09-28 19:12:56 |INFO  |main |DocumentationPluginsBootstrapper.java:147 |springfox.documentation.spring.web.plugins.DocumentationPluginsBootstrapper |Context refreshed
2020-09-28 19:12:56 |INFO  |main |DocumentationPluginsBootstrapper.java:150 |springfox.documentation.spring.web.plugins.DocumentationPluginsBootstrapper |Found 2 custom documentation plugin(s)
2020-09-28 19:12:56 |INFO  |main |ApiListingReferenceScanner.java:41 |springfox.documentation.spring.web.scanners.ApiListingReferenceScanner |Scanning for api listing references
2020-09-28 19:12:56 |INFO  |main |ApiListingReferenceScanner.java:41 |springfox.documentation.spring.web.scanners.ApiListingReferenceScanner |Scanning for api listing references
2020-09-28 19:12:57 |INFO  |main |ScheduledAnnotationBeanPostProcessor.java:297 |org.springframework.scheduling.annotation.ScheduledAnnotationBeanPostProcessor |No TaskScheduler/ScheduledExecutorService bean found for scheduled processing
2020-09-28 19:12:57 |INFO  |main |DirectJDKLog.java:173 |org.apache.coyote.http11.Http11NioProtocol |Starting ProtocolHandler ["http-nio-8150"]
2020-09-28 19:12:57 |INFO  |main |TomcatWebServer.java:204 |org.springframework.boot.web.embedded.tomcat.TomcatWebServer |Tomcat started on port(s): 8150 (http) with context path ''
2020-09-28 19:12:57 |INFO  |main |NacosServiceRegistry.java:62 |com.alibaba.cloud.nacos.registry.NacosServiceRegistry |nacos registry, service-sms 192.168.16.102:8150 register finished
2020-09-28 19:12:58 |INFO  |main |StartupInfoLogger.java:61 |com.bai.guli.service.sms.SmsServiceApplication |Started SmsServiceApplication in 8.944 seconds (JVM running for 9.899)
2020-09-28 19:18:50 |INFO  |http-nio-8150-exec-1 |DirectJDKLog.java:173 |org.apache.catalina.core.ContainerBase.[Tomcat].[localhost].[/] |Initializing Spring DispatcherServlet 'dispatcherServlet'
2020-09-28 19:18:50 |INFO  |http-nio-8150-exec-1 |FrameworkServlet.java:525 |org.springframework.web.servlet.DispatcherServlet |Initializing Servlet 'dispatcherServlet'
2020-09-28 19:18:50 |INFO  |http-nio-8150-exec-1 |FrameworkServlet.java:547 |org.springframework.web.servlet.DispatcherServlet |Completed initialization in 10 ms
2020-10-05 22:56:49 |INFO  |main |SpringApplication.java:655 |com.bai.guli.service.sms.SmsServiceApplication |The following profiles are active: dev
2020-10-05 22:56:50 |INFO  |main |RepositoryConfigurationDelegate.java:249 |org.springframework.data.repository.config.RepositoryConfigurationDelegate |Multiple Spring Data modules found, entering strict repository configuration mode!
2020-10-05 22:56:50 |INFO  |main |RepositoryConfigurationDelegate.java:127 |org.springframework.data.repository.config.RepositoryConfigurationDelegate |Bootstrapping Spring Data Redis repositories in DEFAULT mode.
2020-10-05 22:56:50 |INFO  |main |RepositoryConfigurationDelegate.java:187 |org.springframework.data.repository.config.RepositoryConfigurationDelegate |Finished Spring Data repository scanning in 6ms. Found 0 Redis repository interfaces.
2020-10-05 22:56:51 |INFO  |main |GenericScope.java:295 |org.springframework.cloud.context.scope.GenericScope |BeanFactory id=d0d2a296-4d48-358a-bded-9ac4b59b39b1
2020-10-05 22:56:51 |INFO  |main |PostProcessorRegistrationDelegate.java:330 |org.springframework.context.support.PostProcessorRegistrationDelegate$BeanPostProcessorChecker |Bean 'org.springframework.transaction.annotation.ProxyTransactionManagementConfiguration' of type [org.springframework.transaction.annotation.ProxyTransactionManagementConfiguration] is not eligible for getting processed by all BeanPostProcessors (for example: not eligible for auto-proxying)
2020-10-05 22:56:51 |INFO  |main |PostProcessorRegistrationDelegate.java:330 |org.springframework.context.support.PostProcessorRegistrationDelegate$BeanPostProcessorChecker |Bean 'spring.cloud.sentinel-com.alibaba.cloud.sentinel.SentinelProperties' of type [com.alibaba.cloud.sentinel.SentinelProperties] is not eligible for getting processed by all BeanPostProcessors (for example: not eligible for auto-proxying)
2020-10-05 22:56:51 |INFO  |main |PostProcessorRegistrationDelegate.java:330 |org.springframework.context.support.PostProcessorRegistrationDelegate$BeanPostProcessorChecker |Bean 'com.alibaba.cloud.sentinel.custom.SentinelAutoConfiguration' of type [com.alibaba.cloud.sentinel.custom.SentinelAutoConfiguration$$EnhancerBySpringCGLIB$$86f6d0e3] is not eligible for getting processed by all BeanPostProcessors (for example: not eligible for auto-proxying)
2020-10-05 22:56:51 |INFO  |main |TomcatWebServer.java:92 |org.springframework.boot.web.embedded.tomcat.TomcatWebServer |Tomcat initialized with port(s): 8150 (http)
2020-10-05 22:56:51 |INFO  |main |DirectJDKLog.java:173 |org.apache.coyote.http11.Http11NioProtocol |Initializing ProtocolHandler ["http-nio-8150"]
2020-10-05 22:56:51 |INFO  |main |DirectJDKLog.java:173 |org.apache.catalina.core.StandardService |Starting service [Tomcat]
2020-10-05 22:56:51 |INFO  |main |DirectJDKLog.java:173 |org.apache.catalina.core.StandardEngine |Starting Servlet engine: [Apache Tomcat/9.0.29]
2020-10-05 22:56:51 |INFO  |main |DirectJDKLog.java:173 |org.apache.catalina.core.AprLifecycleListener |An older version [1.2.21] of the APR based Apache Tomcat Native library is installed, while Tomcat recommends a minimum version of [1.2.23]
2020-10-05 22:56:51 |INFO  |main |DirectJDKLog.java:173 |org.apache.catalina.core.AprLifecycleListener |Loaded APR based Apache Tomcat Native library [1.2.21] using APR version [1.6.5].
2020-10-05 22:56:51 |INFO  |main |DirectJDKLog.java:173 |org.apache.catalina.core.AprLifecycleListener |APR capabilities: IPv6 [true], sendfile [true], accept filters [false], random [true].
2020-10-05 22:56:51 |INFO  |main |DirectJDKLog.java:173 |org.apache.catalina.core.AprLifecycleListener |APR/OpenSSL configuration: useAprConnector [false], useOpenSSL [true]
2020-10-05 22:56:51 |INFO  |main |DirectJDKLog.java:173 |org.apache.catalina.core.AprLifecycleListener |OpenSSL successfully initialized [OpenSSL 1.1.1a  20 Nov 2018]
2020-10-05 22:56:51 |INFO  |main |DirectJDKLog.java:173 |org.apache.catalina.core.ContainerBase.[Tomcat].[localhost].[/] |Initializing Spring embedded WebApplicationContext
2020-10-05 22:56:51 |INFO  |main |ServletWebServerApplicationContext.java:284 |org.springframework.web.context.ContextLoader |Root WebApplicationContext: initialization completed in 1911 ms
2020-10-05 22:56:51 |INFO  |main |SentinelWebAutoConfiguration.java:96 |com.alibaba.cloud.sentinel.SentinelWebAutoConfiguration |[Sentinel Starter] register Sentinel CommonFilter with urlPatterns: [/*].
2020-10-05 22:56:52 |INFO  |main |PropertySourcedRequestMappingHandlerMapping.java:69 |springfox.documentation.spring.web.PropertySourcedRequestMappingHandlerMapping |Mapped URL path [/v2/api-docs] onto method [springfox.documentation.swagger2.web.Swagger2Controller#getDocumentation(String, HttpServletRequest)]
2020-10-05 22:56:52 |INFO  |main |URLConfigurationSource.java:122 |com.netflix.config.sources.URLConfigurationSource |To enable URLs as dynamic configuration sources, define System property archaius.configurationSource.additionalUrls or make config.properties available on classpath.
2020-10-05 22:56:52 |INFO  |main |URLConfigurationSource.java:122 |com.netflix.config.sources.URLConfigurationSource |To enable URLs as dynamic configuration sources, define System property archaius.configurationSource.additionalUrls or make config.properties available on classpath.
2020-10-05 22:56:52 |INFO  |main |ExecutorConfigurationSupport.java:171 |org.springframework.scheduling.concurrent.ThreadPoolTaskExecutor |Initializing ExecutorService 'applicationTaskExecutor'
2020-10-05 22:56:53 |INFO  |main |ExecutorConfigurationSupport.java:171 |org.springframework.scheduling.concurrent.ThreadPoolTaskScheduler |Initializing ExecutorService
2020-10-05 22:56:53 |INFO  |main |EpollProvider.java:68 |io.lettuce.core.EpollProvider |Starting without optional epoll library
2020-10-05 22:56:53 |INFO  |main |KqueueProvider.java:70 |io.lettuce.core.KqueueProvider |Starting without optional kqueue library
2020-10-05 22:56:55 |INFO  |main |DocumentationPluginsBootstrapper.java:147 |springfox.documentation.spring.web.plugins.DocumentationPluginsBootstrapper |Context refreshed
2020-10-05 22:56:55 |INFO  |main |DocumentationPluginsBootstrapper.java:150 |springfox.documentation.spring.web.plugins.DocumentationPluginsBootstrapper |Found 2 custom documentation plugin(s)
2020-10-05 22:56:55 |INFO  |main |ApiListingReferenceScanner.java:41 |springfox.documentation.spring.web.scanners.ApiListingReferenceScanner |Scanning for api listing references
2020-10-05 22:56:55 |INFO  |main |ApiListingReferenceScanner.java:41 |springfox.documentation.spring.web.scanners.ApiListingReferenceScanner |Scanning for api listing references
2020-10-05 22:56:56 |INFO  |main |ScheduledAnnotationBeanPostProcessor.java:297 |org.springframework.scheduling.annotation.ScheduledAnnotationBeanPostProcessor |No TaskScheduler/ScheduledExecutorService bean found for scheduled processing
2020-10-05 22:56:56 |INFO  |main |DirectJDKLog.java:173 |org.apache.coyote.http11.Http11NioProtocol |Starting ProtocolHandler ["http-nio-8150"]
2020-10-05 22:56:56 |INFO  |main |TomcatWebServer.java:204 |org.springframework.boot.web.embedded.tomcat.TomcatWebServer |Tomcat started on port(s): 8150 (http) with context path ''
2020-10-05 22:56:56 |INFO  |main |NacosServiceRegistry.java:62 |com.alibaba.cloud.nacos.registry.NacosServiceRegistry |nacos registry, service-sms 192.168.0.101:8150 register finished
2020-10-05 22:56:56 |INFO  |main |StartupInfoLogger.java:61 |com.bai.guli.service.sms.SmsServiceApplication |Started SmsServiceApplication in 11.144 seconds (JVM running for 12.642)
2020-10-05 23:06:10 |INFO  |http-nio-8150-exec-1 |DirectJDKLog.java:173 |org.apache.catalina.core.ContainerBase.[Tomcat].[localhost].[/] |Initializing Spring DispatcherServlet 'dispatcherServlet'
2020-10-05 23:06:10 |INFO  |http-nio-8150-exec-1 |FrameworkServlet.java:525 |org.springframework.web.servlet.DispatcherServlet |Initializing Servlet 'dispatcherServlet'
2020-10-05 23:06:10 |INFO  |http-nio-8150-exec-1 |FrameworkServlet.java:547 |org.springframework.web.servlet.DispatcherServlet |Completed initialization in 11 ms
